<?xml version="1.0" encoding="UTF-8"?>
<!-- Generated by org.testng.reporters.JUnitReportReporter -->
<testsuite skipped="0" hostname="SUMSHETT-8446Q" name="Base_Package.Result11" tests="2" failures="0" timestamp="31 Jan 2020 06:42:43 GMT" time="0.024" errors="0">
  <testcase name="Login" time="0.021" classname="Base_Package.Result11"/>
  <testcase name="MyRLoginResult" time="0.003" classname="Base_Package.Result11"/>
</testsuite> <!-- Base_Package.Result11 -->
