<?xml version="1.0" encoding="UTF-8"?>
<!-- Generated by org.testng.reporters.JUnitReportReporter -->
<testsuite skipped="0" hostname="SUMSHETT-8446Q" name="Base_Package.Test11" tests="2" failures="0" timestamp="31 Jan 2020 06:42:42 GMT" time="0.018" errors="0">
  <testcase name="Mytest" time="0.015" classname="Base_Package.Test11"/>
  <testcase name="MyResult1" time="0.003" classname="Base_Package.Test11"/>
</testsuite> <!-- Base_Package.Test11 -->
