<?xml version="1.0" encoding="UTF-8"?>
<!-- Generated by org.testng.reporters.JUnitReportReporter -->
<testsuite skipped="0" hostname="SUMSHETT-8446Q" name="Base_Package.Test11" tests="2" failures="0" timestamp="2020-01-31T12:43:17 IST" time="0.008" errors="0">
  <testcase name="MyResult1" time="0.007" classname="Base_Package.Test11"/>
  <system-out/>
  <testcase name="Mytest" time="0.001" classname="Base_Package.Test11"/>
  <system-out/>
</testsuite> <!-- Base_Package.Test11 -->
