<?xml version="1.0" encoding="UTF-8"?>
<!-- Generated by org.testng.reporters.JUnitReportReporter -->
<testsuite skipped="0" hostname="SUMSHETT-8446Q" name="Base_Package.Result11" tests="2" failures="0" timestamp="2020-01-31T12:43:17 IST" time="0.000" errors="0">
  <testcase name="MyRLoginResult" time="0.000" classname="Base_Package.Result11"/>
  <system-out/>
  <testcase name="Login" time="0.000" classname="Base_Package.Result11"/>
  <system-out/>
</testsuite> <!-- Base_Package.Result11 -->
